[07:24:53] [ServerMain/INFO]: Environment: authHost='https://authserver.mojang.com', accountsHost='https://api.mojang.com', sessionHost='https://sessionserver.mojang.com', servicesHost='https://api.minecraftservices.com', name='PROD'
[07:24:55] [ServerMain/INFO]: Reloading ResourceManager: Default, bukkit
[07:24:58] [Worker-Main-1/INFO]: Loaded 7 recipes
[07:25:04] [Server thread/INFO]: Starting minecraft server version 1.18.1
[07:25:04] [Server thread/INFO]: Loading properties
[07:25:04] [Server thread/INFO]: This server is running Paper version git-Paper-152 (MC: 1.18.1) (Implementing API version 1.18.1-R0.1-SNAPSHOT) (Git: 78999b5)
[07:25:04] [Server thread/INFO]: Server Ping Player Sample Count: 12
[07:25:04] [Server thread/INFO]: Using 4 threads for Netty based IO
[07:25:04] [Server thread/INFO]: Default game type: SURVIVAL
[07:25:04] [Server thread/INFO]: Generating keypair
[07:25:05] [Server thread/INFO]: Starting Minecraft server on *:25565
[07:25:05] [Server thread/INFO]: Using default channel type
[07:25:06] [Server thread/INFO]: Paper: Using Java 11 compression from Velocity.
[07:25:06] [Server thread/INFO]: Paper: Using Java cipher from Velocity.
[07:25:06] [Server thread/INFO]: Server permissions file permissions.yml is empty, ignoring it
[07:25:06] [Server thread/WARN]: **** SERVER IS RUNNING IN OFFLINE/INSECURE MODE!
[07:25:06] [Server thread/WARN]: The server will make no attempt to authenticate usernames. Beware.
[07:25:06] [Server thread/WARN]: While this makes the game possible to play without internet access, it also opens up the ability for hackers to connect with any username they choose.
[07:25:06] [Server thread/WARN]: To change this, set "online-mode" to "true" in the server.properties file.
[07:25:06] [Server thread/INFO]: Preparing level "world"
[07:25:10] [Server thread/INFO]: Preparing start region for dimension minecraft:overworld
[07:25:13] [Server thread/INFO]: Time elapsed: 2106 ms
[07:25:13] [Server thread/INFO]: Preparing start region for dimension minecraft:the_nether
[07:25:14] [Server thread/INFO]: Time elapsed: 1878 ms
[07:25:14] [Server thread/INFO]: Preparing start region for dimension minecraft:the_end
[07:25:16] [Server thread/INFO]: Time elapsed: 1405 ms
[07:25:16] [Server thread/INFO]: Starting remote control listener
[07:25:16] [Server thread/INFO]: Thread RCON Listener started
[07:25:16] [Server thread/INFO]: RCON running on 0.0.0.0:25575
[07:25:16] [Server thread/INFO]: Running delayed init tasks
[07:25:16] [Server thread/INFO]: Done (12.659s)! For help, type "help"
[07:25:16] [Server thread/INFO]: Timings Reset
[07:25:34] [Server thread/WARN]: Can't keep up! Is the server overloaded? Running 5005ms or 100 ticks behind
[07:30:27] [Server thread/WARN]: Can't keep up! Is the server overloaded? Running 5165ms or 103 ticks behind
[07:33:02] [RCON Listener #1/INFO]: Thread RCON Client /127.0.0.1 started
[07:33:20] [Server thread/INFO]: [Rcon: Made query a server operator]
[07:33:24] [RCON Client /127.0.0.1 #2/INFO]: Thread RCON Client /127.0.0.1 shutting down
[07:33:38] [User Authenticator #1/INFO]: UUID of player query is 25f99b70-4c99-3200-925d-4d9a2f93abfd
[07:33:39] [Server thread/INFO]: query joined the game
[07:33:39] [Server thread/INFO]: query[/192.168.1.3:59774] logged in with entity id 160 at ([world]-1307.0567516776612, 130.0, -417.65266609718276)
[07:33:46] [Server thread/WARN]: Can't keep up! Is the server overloaded? Running 5044ms or 100 ticks behind
[07:34:03] [Server thread/INFO]: query lost connection: Disconnected
[07:34:03] [Server thread/INFO]: query left the game
[07:34:16] [User Authenticator #1/INFO]: UUID of player query is 25f99b70-4c99-3200-925d-4d9a2f93abfd
[07:34:16] [Server thread/INFO]: query joined the game
[07:34:16] [Server thread/INFO]: query[/192.168.1.3:59818] logged in with entity id 406 at ([world]-1307.0567516776612, 130.0, -417.65266609718276)
[07:38:41] [Async Chat Thread - #0/INFO]: <query> .
[08:07:44] [User Authenticator #2/INFO]: UUID of player zInTincTz is 3be09962-9ddb-3c7d-9a48-6b99876ad70a
[08:07:45] [Server thread/INFO]: zInTincTz joined the game
[08:07:45] [Server thread/INFO]: zInTincTz[/100.127.251.128:2827] logged in with entity id 5671 at ([world]-1260.2673575934161, 96.5625, 400.55045839386423)
[08:07:52] [Server thread/WARN]: Can't keep up! Is the server overloaded? Running 5022ms or 100 ticks behind
[08:08:28] [Server thread/WARN]: Can't keep up! Is the server overloaded? Running 6642ms or 132 ticks behind
[08:09:14] [Server thread/WARN]: Can't keep up! Is the server overloaded? Running 15488ms or 309 ticks behind
[08:17:00] [Async Chat Thread - #1/INFO]: <query> good morning
[08:20:35] [Server thread/WARN]: zInTincTz moved too quickly! -10.303902478871528,0.12160004615783748,0.05351153611783488
[08:21:40] [Server thread/WARN]: Can't keep up! Is the server overloaded? Running 5024ms or 100 ticks behind
[08:22:16] [Server thread/WARN]: Can't keep up! Is the server overloaded? Running 5093ms or 101 ticks behind
[08:24:13] [Server thread/WARN]: Can't keep up! Is the server overloaded? Running 5036ms or 100 ticks behind
[08:25:15] [Server thread/WARN]: Can't keep up! Is the server overloaded? Running 5010ms or 100 ticks behind
[08:26:15] [Server thread/WARN]: Can't keep up! Is the server overloaded? Running 5002ms or 100 ticks behind
[08:27:02] [Server thread/WARN]: Can't keep up! Is the server overloaded? Running 5010ms or 100 ticks behind
[08:28:52] [Server thread/WARN]: Can't keep up! Is the server overloaded? Running 5034ms or 100 ticks behind
[08:32:17] [Server thread/WARN]: Can't keep up! Is the server overloaded? Running 5001ms or 100 ticks behind
[08:43:28] [Server thread/WARN]: Can't keep up! Is the server overloaded? Running 5002ms or 100 ticks behind
[08:48:20] [Server thread/WARN]: Can't keep up! Is the server overloaded? Running 5005ms or 100 ticks behind
[08:49:16] [Server thread/WARN]: Can't keep up! Is the server overloaded? Running 5052ms or 101 ticks behind
[08:49:51] [Server thread/WARN]: Can't keep up! Is the server overloaded? Running 5856ms or 117 ticks behind
[08:50:31] [Server thread/WARN]: Can't keep up! Is the server overloaded? Running 5002ms or 100 ticks behind
[08:51:09] [Server thread/WARN]: Can't keep up! Is the server overloaded? Running 5006ms or 100 ticks behind
[08:51:54] [Server thread/WARN]: Can't keep up! Is the server overloaded? Running 5007ms or 100 ticks behind
[08:52:29] [Server thread/WARN]: Can't keep up! Is the server overloaded? Running 5168ms or 103 ticks behind
[08:53:09] [Server thread/WARN]: Can't keep up! Is the server overloaded? Running 9393ms or 187 ticks behind
[08:53:54] [Server thread/WARN]: Can't keep up! Is the server overloaded? Running 5001ms or 100 ticks behind
[08:54:49] [Server thread/WARN]: Can't keep up! Is the server overloaded? Running 5007ms or 100 ticks behind
[08:55:51] [Server thread/WARN]: Can't keep up! Is the server overloaded? Running 5001ms or 100 ticks behind
[08:56:47] [Server thread/WARN]: Can't keep up! Is the server overloaded? Running 5007ms or 100 ticks behind
[08:57:22] [Server thread/WARN]: Can't keep up! Is the server overloaded? Running 5057ms or 101 ticks behind
[08:57:57] [Server thread/WARN]: Can't keep up! Is the server overloaded? Running 5001ms or 100 ticks behind
[08:58:35] [Server thread/WARN]: Can't keep up! Is the server overloaded? Running 7803ms or 156 ticks behind
[08:59:13] [Server thread/WARN]: Can't keep up! Is the server overloaded? Running 8168ms or 163 ticks behind
[08:59:49] [Server thread/WARN]: Can't keep up! Is the server overloaded? Running 5431ms or 108 ticks behind
[09:00:28] [Server thread/WARN]: Can't keep up! Is the server overloaded? Running 5006ms or 100 ticks behind
[09:01:04] [Server thread/WARN]: Can't keep up! Is the server overloaded? Running 6809ms or 136 ticks behind
[09:04:22] [Server thread/WARN]: Can't keep up! Is the server overloaded? Running 5006ms or 100 ticks behind
[09:05:01] [Server thread/WARN]: Can't keep up! Is the server overloaded? Running 9350ms or 187 ticks behind
[09:05:20] [Server thread/INFO]: query lost connection: Disconnected
[09:05:20] [Server thread/INFO]: query left the game
